<?xml version="1.0" encoding="UTF-8"?>
<!-- Generated by org.testng.reporters.JUnitXMLReporter -->
<testsuite ignored="0" hostname="LAPTOP-NBCD1KMT" failures="0" tests="4" name="Default test" time="76.545" errors="0" timestamp="2023-12-21T12:28:50 IST">
  <testcase classname="Test.TestCase1" name="initialize" time="10.014"/>
  <testcase classname="Test.TestCase1" name="login" time="3.853"/>
  <testcase classname="Test.TestCase1" name="registration" time="41.111"/>
  <testcase classname="Test.TestCase1" name="logout" time="21.404"/>
</testsuite> <!-- Default test -->
