<?xml version="1.0" encoding="UTF-8"?>
<!-- Generated by org.testng.reporters.JUnitXMLReporter -->
<testsuite ignored="0" hostname="LAPTOP-NBCD1KMT" failures="0" tests="5" name="Default test" time="105.872" errors="0" timestamp="2023-10-25T06:51:42 IST">
  <testcase classname="Test.TestCase14" name="initialize" time="7.041"/>
  <testcase classname="Test.TestCase14" name="addProduct" time="32.304"/>
  <testcase classname="Test.TestCase14" name="SignUp" time="34.66"/>
  <testcase classname="Test.TestCase14" name="cart" time="15.192"/>
  <testcase classname="Test.TestCase14" name="logout" time="16.516"/>
</testsuite> <!-- Default test -->
