<?xml version="1.0" encoding="UTF-8"?>
<testng-results ignored="0" total="4" passed="4" failed="0" skipped="0">
  <reporter-output>
  </reporter-output>
  <suite started-at="2023-12-21T12:27:33 IST" name="Default suite" finished-at="2023-12-21T12:28:50 IST" duration-ms="76545">
    <groups>
    </groups>
    <test started-at="2023-12-21T12:27:33 IST" name="Default test" finished-at="2023-12-21T12:28:50 IST" duration-ms="76545">
      <class name="Test.TestCase1">
        <test-method signature="initialize()[pri:0, instance:Test.TestCase1@223191a6]" started-at="2023-12-21T12:27:33 IST" name="initialize" finished-at="2023-12-21T12:27:43 IST" duration-ms="10014" status="PASS">
          <reporter-output>
          </reporter-output>
        </test-method> <!-- initialize -->
        <test-method signature="login()[pri:1, instance:Test.TestCase1@223191a6]" started-at="2023-12-21T12:27:43 IST" name="login" finished-at="2023-12-21T12:27:47 IST" duration-ms="3853" status="PASS">
          <reporter-output>
          </reporter-output>
        </test-method> <!-- login -->
        <test-method signature="registration()[pri:2, instance:Test.TestCase1@223191a6]" started-at="2023-12-21T12:27:47 IST" name="registration" finished-at="2023-12-21T12:28:28 IST" duration-ms="41111" status="PASS">
          <reporter-output>
          </reporter-output>
        </test-method> <!-- registration -->
        <test-method signature="logout()[pri:3, instance:Test.TestCase1@223191a6]" started-at="2023-12-21T12:28:28 IST" name="logout" finished-at="2023-12-21T12:28:50 IST" duration-ms="21404" status="PASS">
          <reporter-output>
          </reporter-output>
        </test-method> <!-- logout -->
      </class> <!-- Test.TestCase1 -->
    </test> <!-- Default test -->
  </suite> <!-- Default suite -->
</testng-results>
