<?xml version="1.0" encoding="UTF-8"?>
<testng-results ignored="0" total="5" passed="5" failed="0" skipped="0">
  <reporter-output>
  </reporter-output>
  <suite started-at="2023-10-25T06:49:56 IST" name="Default suite" finished-at="2023-10-25T06:51:41 IST" duration-ms="105872">
    <groups>
    </groups>
    <test started-at="2023-10-25T06:49:56 IST" name="Default test" finished-at="2023-10-25T06:51:41 IST" duration-ms="105872">
      <class name="Test.TestCase14">
        <test-method signature="initialize()[pri:0, instance:Test.TestCase14@942a29c]" started-at="2023-10-25T06:49:56 IST" name="initialize" finished-at="2023-10-25T06:50:03 IST" duration-ms="7041" status="PASS">
          <reporter-output>
          </reporter-output>
        </test-method> <!-- initialize -->
        <test-method signature="addProduct()[pri:1, instance:Test.TestCase14@942a29c]" started-at="2023-10-25T06:50:03 IST" name="addProduct" finished-at="2023-10-25T06:50:35 IST" duration-ms="32304" status="PASS">
          <reporter-output>
          </reporter-output>
        </test-method> <!-- addProduct -->
        <test-method signature="SignUp()[pri:2, instance:Test.TestCase14@942a29c]" started-at="2023-10-25T06:50:35 IST" name="SignUp" finished-at="2023-10-25T06:51:10 IST" duration-ms="34660" status="PASS">
          <reporter-output>
          </reporter-output>
        </test-method> <!-- SignUp -->
        <test-method signature="cart()[pri:3, instance:Test.TestCase14@942a29c]" started-at="2023-10-25T06:51:10 IST" name="cart" finished-at="2023-10-25T06:51:25 IST" duration-ms="15192" status="PASS">
          <reporter-output>
          </reporter-output>
        </test-method> <!-- cart -->
        <test-method signature="logout()[pri:4, instance:Test.TestCase14@942a29c]" started-at="2023-10-25T06:51:25 IST" name="logout" finished-at="2023-10-25T06:51:41 IST" duration-ms="16516" status="PASS">
          <reporter-output>
          </reporter-output>
        </test-method> <!-- logout -->
      </class> <!-- Test.TestCase14 -->
    </test> <!-- Default test -->
  </suite> <!-- Default suite -->
</testng-results>
