<?xml version="1.0" encoding="UTF-8"?>
<!-- Generated by org.testng.reporters.JUnitReportReporter -->
<testsuite hostname="LAPTOP-NBCD1KMT" failures="0" tests="5" name="Test.TestCase14" time="105.713" errors="0" timestamp="2023-10-25T06:51:42 IST" skipped="0">
  <testcase classname="Test.TestCase14" name="initialize" time="7.041"/>
  <testcase classname="Test.TestCase14" name="addProduct" time="32.304"/>
  <testcase classname="Test.TestCase14" name="SignUp" time="34.660"/>
  <testcase classname="Test.TestCase14" name="cart" time="15.192"/>
  <testcase classname="Test.TestCase14" name="logout" time="16.516"/>
</testsuite> <!-- Test.TestCase14 -->
